Home:
  Sym : 868F63BD
  Chk : DAB8E5DD
 Size : 4F
 Diff : E6
  MD5 : 28887F94
Templ : 1
 Orig : 1464764738,2370657907885437965311543086728048,713247189102816759459019477615894
 Repl : 943901380,5852893500978533104296112875516146,6976869334719132365903529482995757

Studio:
  Sym : 8205FBB9
  Chk : 931D0076
 Size : 50
 Diff : 13B
  MD5 : 4E3418B7
Templ : 3
 Orig : 1568656911,2520785939399452688547335135189161,8194240765473853550166226692686387
 Repl : 2127088620,2888770628539854944085964743629587,3569353393377585389378801225448248

  Chk : C7E89EFB
 Size : 51
 Diff : 191
  MD5 : CA9D4BC5
Templ : 9
 Orig : 2786174416,10257851217548945522396029028710516,2617530773265332777488104660194588
 Repl : 3465331781,5388959379083209077330202777291489,10096802122903337004073310350092995

  Chk : 4CA8377E
 Size : 4F
 Diff : 1E8
  MD5 : C32A006A
Templ : 13
 Orig : 175883136,9194191426270651880268044245124554,2506915162000256704158404188579026
 Repl : 283385029,9287933960051721858261911756053670,2677337836009258451114484790043686

  Chk : B896E3A3
 Size : 50
 Diff : 23D
  MD5 : 3D68BF41
Templ : 14
 Orig : 1096364013,5698552728782390903963169198442534,6974132294249749907016828350240472
 Repl : 2300818346,6373906865620412894512449451955370,2309553213166529874740124370316168

Professional:
  Sym : E4FC7DE9
  Chk : EDA8A5ED
 Size : 4F
 Diff : 293
  MD5 : 60F74FE9
Templ : 16
 Orig : 558811559,1709701285150553392500395103846903,4732987328429883871863841480767479
 Repl : 2962705863,2986569122504981496443632156461035,808620215554464990791518453439232

  Chk : 756D0BB8
 Size : 50
 Diff : 2F8
  MD5 : 5E2BE062
Templ : 18
 Orig : 3033831782,4223649195510743687172489471446307,4110427616401196971503485011815314
 Repl : 4095887727,5660338157824596631259803338960427,4047512588082064887044590702543973

  Chk : 771E5C55
 Size : 50
 Diff : 35E
  MD5 : C94458E9
Templ : 19
 Orig : 2628443495,8867433691553610925257099421757210,7678869530620387128478770169216032
 Repl : 2906459679,5714619989478644078780159472429661,4420634288341699056126170288182986

  Chk : C62D24E0
 Size : 50
 Diff : 3B4
  MD5 : 2D34C2F9
Templ : 23
 Orig : 1622682977,5425383972591601521810147463687989,4915202681853917421611706311410683
 Repl : 4231817527,1405465970484402797194833567675410,5193415076006205239072997946723159

  Chk : B52E111A
 Size : 4F
 Diff : 40A
  MD5 : BFC8E0D6
Templ : 25
 Orig : 923341149,6062516014578547056954068838982004,1158505679950843027016887524212613
 Repl : 107620750,1208619073450147517659386056664433,9159391357556774284898514890561805

  Chk : D0FF4C04
 Size : 4F
 Diff : 46F
  MD5 : DBA38798
Templ : 31
 Orig : 852822843,3977596268475777429511460489046322,8001939319822952551226115662841636
 Repl : 542337729,6335375295317071133503298591179793,5446420973800299335411803914266008

Broadcast:
  Sym : 4B11D8BC
  Chk : 7CE60D89
 Size : 4F
 Diff : 4C4
  MD5 : 380C21D0
Templ : 35
 Orig : 1480609348,5369488552660434430332817877220007,973349376941954201377298114029911
 Repl : 3543939100,423459548883516196853882930608375,8484360843179587455308070336071028